time="2023-05-01T12:12:03Z" level=info msg="server start on port: 8080"
time="2023-05-01T12:12:03Z" level=info msg="broadcast() start..."
time="2023-05-01T12:12:50Z" level=info msg="server start on port: 8080"
time="2023-05-01T12:12:50Z" level=info msg="broadcast() start..."
time="2023-05-01T12:13:26Z" level=info msg="New client connected: %s\n0x40001e4160"
time="2023-05-01T12:13:26Z" level=info msg="listenToClient() start..."
time="2023-05-01T12:13:36Z" level=info msg="start reading from client %s with message ---> %s \n0x40001e4160123"
time="2023-05-01T12:13:36Z" level=info msg="listenToClient() end..."
time="2023-05-01T12:13:36Z" level=info msg="start writing to client %s with message ---> %s\n0x40001e41600x40001e4160: 123"
time="2023-05-01T12:13:36Z" level=info msg="broadcast() end..."
time="2023-05-01T12:14:31Z" level=info msg="New client connected: %s\n0x40001e4420"
time="2023-05-01T12:14:31Z" level=info msg="listenToClient() start..."
time="2023-05-01T12:14:34Z" level=info msg="start reading from client %s with message ---> %s \n0x40001e44201234"
time="2023-05-01T12:14:34Z" level=info msg="listenToClient() end..."
time="2023-05-01T12:14:34Z" level=info msg="start writing to client %s with message ---> %s\n0x40001e44200x40001e4420: 1234"
time="2023-05-01T12:14:34Z" level=info msg="start writing to client %s with message ---> %s\n0x40001e41600x40001e4420: 1234"
time="2023-05-01T12:14:34Z" level=info msg="broadcast() end..."
time="2023-05-01T12:15:09Z" level=error msg="error in listening: %vwebsocket: close 1006 (abnormal closure): unexpected EOF"
time="2023-05-01T12:15:09Z" level=info msg="Client disconnected: %s\n0x40001e4160"
time="2023-05-01T12:15:10Z" level=error msg="error in listening: %vwebsocket: close 1006 (abnormal closure): unexpected EOF"
time="2023-05-01T12:15:10Z" level=info msg="Client disconnected: %s\n0x40001e4420"
